This is pdfTeX, Version 3.14159265-2.6-1.40.21 (TeX Live 2020) (preloaded format=pdflatex 2020.4.7)  28 NOV 2021 17:55
entering extended mode
 restricted \write18 enabled.
 file:line:error style messages enabled.
 %&-line parsing enabled.
**ThesisFinal.tex
(./ThesisFinal.tex
LaTeX2e <2020-02-02> patch level 5
L3 programming layer <2020-03-06> (./BYUPhys.cls
Document Class: BYUPhys 
(/usr/local/texlive/2020/texmf-dist/tex/latex/base/book.cls
Document Class: book 2019/12/20 v1.4l Standard LaTeX document class
(/usr/local/texlive/2020/texmf-dist/tex/latex/base/bk12.clo
File: bk12.clo 2019/12/20 v1.4l Standard LaTeX file (size option)
)
\c@part=\count167
\c@chapter=\count168
\c@section=\count169
\c@subsection=\count170
\c@subsubsection=\count171
\c@paragraph=\count172
\c@subparagraph=\count173
\c@figure=\count174
\c@table=\count175
\abovecaptionskip=\skip47
\belowcaptionskip=\skip48
\bibindent=\dimen134
)
(/usr/local/texlive/2020/texmf-dist/tex/latex/tools/afterpage.sty
Package: afterpage 2014/10/28 v1.08 After-Page Package (DPC)
\AP@output=\toks15
\AP@partial=\box45
\AP@footins=\box46
))
(/usr/local/texlive/2020/texmf-dist/tex/generic/iftex/ifpdf.sty
Package: ifpdf 2019/10/25 v3.4 ifpdf legacy package. Use iftex instead.

(/usr/local/texlive/2020/texmf-dist/tex/generic/iftex/iftex.sty
Package: iftex 2020/03/06 v1.0d TeX engine tests
))
(/usr/local/texlive/2020/texmf-dist/tex/latex/graphics/graphicx.sty
Package: graphicx 2019/11/30 v1.2a Enhanced LaTeX Graphics (DPC,SPQR)

(/usr/local/texlive/2020/texmf-dist/tex/latex/graphics/keyval.sty
Package: keyval 2014/10/28 v1.15 key=value parser (DPC)
\KV@toks@=\toks16
)
(/usr/local/texlive/2020/texmf-dist/tex/latex/graphics/graphics.sty
Package: graphics 2019/11/30 v1.4a Standard LaTeX Graphics (DPC,SPQR)

(/usr/local/texlive/2020/texmf-dist/tex/latex/graphics/trig.sty
Package: trig 2016/01/03 v1.10 sin cos tan (DPC)
)
(/usr/local/texlive/2020/texmf-dist/tex/latex/graphics-cfg/graphics.cfg
File: graphics.cfg 2016/06/04 v1.11 sample graphics configuration
)
Package graphics Info: Driver file: pdftex.def on input line 105.

(/usr/local/texlive/2020/texmf-dist/tex/latex/graphics-def/pdftex.def
File: pdftex.def 2018/01/08 v1.0l Graphics/color driver for pdftex
))
\Gin@req@height=\dimen135
\Gin@req@width=\dimen136
)
(/usr/local/texlive/2020/texmf-dist/tex/latex/fancyhdr/fancyhdr.sty
Package: fancyhdr 2019/01/31 v3.10 Extensive control of page headers and footer
s
\f@nch@headwidth=\skip49
\f@nch@O@elh=\skip50
\f@nch@O@erh=\skip51
\f@nch@O@olh=\skip52
\f@nch@O@orh=\skip53
\f@nch@O@elf=\skip54
\f@nch@O@erf=\skip55
\f@nch@O@olf=\skip56
\f@nch@O@orf=\skip57
)

Package Fancyhdr Warning: \fancyhead's `E' option without twoside option is use
less on input line 53.


Package Fancyhdr Warning: \fancyhead's `E' option without twoside option is use
less on input line 54.

(/usr/local/texlive/2020/texmf-dist/tex/latex/caption/caption.sty
Package: caption 2020/01/03 v3.4h Customizing captions (AR)

(/usr/local/texlive/2020/texmf-dist/tex/latex/caption/caption3.sty
Package: caption3 2020/01/03 v1.8h caption3 kernel (AR)
Package caption3 Info: TeX engine: e-TeX on input line 61.
\captionmargin=\dimen137
\captionmargin@=\dimen138
\captionwidth=\dimen139
\caption@tempdima=\dimen140
\caption@indent=\dimen141
\caption@parindent=\dimen142
\caption@hangindent=\dimen143
Package caption Info: Standard document class detected.
)
\c@caption@flags=\count176
\c@continuedfloat=\count177
)
(/usr/local/texlive/2020/texmf-dist/tex/latex/cite/cite.sty
LaTeX Info: Redefining \cite on input line 302.
LaTeX Info: Redefining \nocite on input line 332.
Package: cite 2015/02/27  v 5.5
)
(/usr/local/texlive/2020/texmf-dist/tex/latex/caption/subcaption.sty
Package: subcaption 2020/01/22 v1.3d Sub-captions (AR)
\c@subfigure=\count178
\c@subtable=\count179
)
(/usr/local/texlive/2020/texmf-dist/tex/latex/base/makeidx.sty
Package: makeidx 2014/09/29 v1.0m Standard LaTeX package
)
\@indexfile=\write3
\openout3 = `ThesisFinal.idx'.


Writing index file ThesisFinal.idx
(/usr/local/texlive/2020/texmf-dist/tex/latex/url/url.sty
\Urlmuskip=\muskip16
Package: url 2013/09/16  ver 3.4  Verb mode for urls, etc.
)
(/usr/local/texlive/2020/texmf-dist/tex/latex/amsmath/amsmath.sty
Package: amsmath 2020/01/20 v2.17e AMS math features
\@mathmargin=\skip58

For additional information on amsmath, use the `?' option.
(/usr/local/texlive/2020/texmf-dist/tex/latex/amsmath/amstext.sty
Package: amstext 2000/06/29 v2.01 AMS text

(/usr/local/texlive/2020/texmf-dist/tex/latex/amsmath/amsgen.sty
File: amsgen.sty 1999/11/30 v2.0 generic functions
\@emptytoks=\toks17
\ex@=\dimen144
))
(/usr/local/texlive/2020/texmf-dist/tex/latex/amsmath/amsbsy.sty
Package: amsbsy 1999/11/29 v1.2d Bold Symbols
\pmbraise@=\dimen145
)
(/usr/local/texlive/2020/texmf-dist/tex/latex/amsmath/amsopn.sty
Package: amsopn 2016/03/08 v2.02 operator names
)
\inf@bad=\count180
LaTeX Info: Redefining \frac on input line 227.
\uproot@=\count181
\leftroot@=\count182
LaTeX Info: Redefining \overline on input line 389.
\classnum@=\count183
\DOTSCASE@=\count184
LaTeX Info: Redefining \ldots on input line 486.
LaTeX Info: Redefining \dots on input line 489.
LaTeX Info: Redefining \cdots on input line 610.
\Mathstrutbox@=\box47
\strutbox@=\box48
\big@size=\dimen146
LaTeX Font Info:    Redeclaring font encoding OML on input line 733.
LaTeX Font Info:    Redeclaring font encoding OMS on input line 734.
\macc@depth=\count185
\c@MaxMatrixCols=\count186
\dotsspace@=\muskip17
\c@parentequation=\count187
\dspbrk@lvl=\count188
\tag@help=\toks18
\row@=\count189
\column@=\count190
\maxfields@=\count191
\andhelp@=\toks19
\eqnshift@=\dimen147
\alignsep@=\dimen148
\tagshift@=\dimen149
\tagwidth@=\dimen150
\totwidth@=\dimen151
\lineht@=\dimen152
\@envbody=\toks20
\multlinegap=\skip59
\multlinetaggap=\skip60
\mathdisplay@stack=\toks21
LaTeX Info: Redefining \[ on input line 2859.
LaTeX Info: Redefining \] on input line 2860.
)
(/usr/local/texlive/2020/texmf-dist/tex/latex/hyperref/hyperref.sty
Package: hyperref 2020/01/14 v7.00d Hypertext links for LaTeX

(/usr/local/texlive/2020/texmf-dist/tex/generic/ltxcmds/ltxcmds.sty
Package: ltxcmds 2019/12/15 v1.24 LaTeX kernel commands for general use (HO)
)
(/usr/local/texlive/2020/texmf-dist/tex/latex/pdftexcmds/pdftexcmds.sty
Package: pdftexcmds 2019/11/24 v0.31 Utility functions of pdfTeX for LuaTeX (HO
)

(/usr/local/texlive/2020/texmf-dist/tex/generic/infwarerr/infwarerr.sty
Package: infwarerr 2019/12/03 v1.5 Providing info/warning/error messages (HO)
)
Package pdftexcmds Info: \pdf@primitive is available.
Package pdftexcmds Info: \pdf@ifprimitive is available.
Package pdftexcmds Info: \pdfdraftmode found.
)
(/usr/local/texlive/2020/texmf-dist/tex/generic/kvsetkeys/kvsetkeys.sty
Package: kvsetkeys 2019/12/15 v1.18 Key value parser (HO)
)
(/usr/local/texlive/2020/texmf-dist/tex/generic/kvdefinekeys/kvdefinekeys.sty
Package: kvdefinekeys 2019-12-19 v1.6 Define keys (HO)
)
(/usr/local/texlive/2020/texmf-dist/tex/generic/pdfescape/pdfescape.sty
Package: pdfescape 2019/12/09 v1.15 Implements pdfTeX's escape features (HO)
)
(/usr/local/texlive/2020/texmf-dist/tex/latex/hycolor/hycolor.sty
Package: hycolor 2020-01-27 v1.10 Color options for hyperref/bookmark (HO)
)
(/usr/local/texlive/2020/texmf-dist/tex/latex/letltxmacro/letltxmacro.sty
Package: letltxmacro 2019/12/03 v1.6 Let assignment for LaTeX macros (HO)
)
(/usr/local/texlive/2020/texmf-dist/tex/latex/auxhook/auxhook.sty
Package: auxhook 2019-12-17 v1.6 Hooks for auxiliary files (HO)
)
(/usr/local/texlive/2020/texmf-dist/tex/latex/kvoptions/kvoptions.sty
Package: kvoptions 2019/11/29 v3.13 Key value format for package options (HO)
)
\@linkdim=\dimen153
\Hy@linkcounter=\count192
\Hy@pagecounter=\count193

(/usr/local/texlive/2020/texmf-dist/tex/latex/hyperref/pd1enc.def
File: pd1enc.def 2020/01/14 v7.00d Hyperref: PDFDocEncoding definition (HO)
Now handling font encoding PD1 ...
... no UTF-8 mapping file for font encoding PD1
)
(/usr/local/texlive/2020/texmf-dist/tex/generic/intcalc/intcalc.sty
Package: intcalc 2019/12/15 v1.3 Expandable calculations with integers (HO)
)
(/usr/local/texlive/2020/texmf-dist/tex/generic/etexcmds/etexcmds.sty
Package: etexcmds 2019/12/15 v1.7 Avoid name clashes with e-TeX commands (HO)
)
\Hy@SavedSpaceFactor=\count194
Package hyperref Info: Option `bookmarksnumbered' set `true' on input line 4421
.
Package hyperref Info: Option `pdfpagelabels' set `true' on input line 4421.
Package hyperref Info: Option `plainpages' set `false' on input line 4421.
Package hyperref Info: Option `colorlinks' set `true' on input line 4421.
Package hyperref Info: Hyper figures OFF on input line 4547.
Package hyperref Info: Link nesting OFF on input line 4552.
Package hyperref Info: Hyper index ON on input line 4555.
Package hyperref Info: Plain pages OFF on input line 4562.
Package hyperref Info: Backreferencing OFF on input line 4567.
Package hyperref Info: Implicit mode ON; LaTeX internals redefined.
Package hyperref Info: Bookmarks ON on input line 4800.
\c@Hy@tempcnt=\count195
LaTeX Info: Redefining \url on input line 5159.
\XeTeXLinkMargin=\dimen154

(/usr/local/texlive/2020/texmf-dist/tex/generic/bitset/bitset.sty
Package: bitset 2019/12/09 v1.3 Handle bit-vector datatype (HO)

(/usr/local/texlive/2020/texmf-dist/tex/generic/bigintcalc/bigintcalc.sty
Package: bigintcalc 2019/12/15 v1.5 Expandable calculations on big integers (HO
)
))
\Fld@menulength=\count196
\Field@Width=\dimen155
\Fld@charsize=\dimen156
Package hyperref Info: Hyper figures OFF on input line 6430.
Package hyperref Info: Link nesting OFF on input line 6435.
Package hyperref Info: Hyper index ON on input line 6438.
Package hyperref Info: backreferencing OFF on input line 6445.
Package hyperref Info: Link coloring ON on input line 6448.
Package hyperref Info: Link coloring with OCG OFF on input line 6455.
Package hyperref Info: PDF/A mode OFF on input line 6460.
LaTeX Info: Redefining \ref on input line 6500.
LaTeX Info: Redefining \pageref on input line 6504.

(/usr/local/texlive/2020/texmf-dist/tex/generic/atbegshi/atbegshi.sty
Package: atbegshi 2019/12/05 v1.19 At begin shipout hook (HO)
)
\Hy@abspage=\count197
\c@Item=\count198
\c@Hfootnote=\count199
)
Package hyperref Info: Driver (autodetected): hpdftex.

(/usr/local/texlive/2020/texmf-dist/tex/latex/hyperref/hpdftex.def
File: hpdftex.def 2020/01/14 v7.00d Hyperref driver for pdfTeX

(/usr/local/texlive/2020/texmf-dist/tex/latex/atveryend/atveryend.sty
Package: atveryend 2019-12-11 v1.11 Hooks at the very end of document (HO)
Package atveryend Info: \AP@enddocument detected (standard20110627).
)
\Fld@listcount=\count266
\c@bookmark@seq@number=\count267

(/usr/local/texlive/2020/texmf-dist/tex/latex/rerunfilecheck/rerunfilecheck.sty
Package: rerunfilecheck 2019/12/05 v1.9 Rerun checks for auxiliary files (HO)

(/usr/local/texlive/2020/texmf-dist/tex/generic/uniquecounter/uniquecounter.sty
Package: uniquecounter 2019/12/15 v1.4 Provide unlimited unique counter (HO)
)
Package uniquecounter Info: New unique counter `rerunfilecheck' on input line 2
86.
)
\Hy@SectionHShift=\skip61
)
(/usr/local/texlive/2020/texmf-dist/tex/latex/l3backend/l3backend-pdfmode.def
File: l3backend-pdfmode.def 2020-03-12 L3 backend support: PDF mode
\l__kernel_color_stack_int=\count268
\l__pdf_internal_box=\box49
)

LaTeX Warning: Unused global option(s):
    [senior].

(./ThesisFinal.aux

LaTeX Warning: Label `LJ' multiply defined.


LaTeX Warning: Label `LJ' multiply defined.

)
\openout1 = `ThesisFinal.aux'.

LaTeX Font Info:    Checking defaults for OML/cmm/m/it on input line 166.
LaTeX Font Info:    ... okay on input line 166.
LaTeX Font Info:    Checking defaults for OMS/cmsy/m/n on input line 166.
LaTeX Font Info:    ... okay on input line 166.
LaTeX Font Info:    Checking defaults for OT1/cmr/m/n on input line 166.
LaTeX Font Info:    ... okay on input line 166.
LaTeX Font Info:    Checking defaults for T1/cmr/m/n on input line 166.
LaTeX Font Info:    ... okay on input line 166.
LaTeX Font Info:    Checking defaults for TS1/cmr/m/n on input line 166.
LaTeX Font Info:    ... okay on input line 166.
LaTeX Font Info:    Checking defaults for OMX/cmex/m/n on input line 166.
LaTeX Font Info:    ... okay on input line 166.
LaTeX Font Info:    Checking defaults for U/cmr/m/n on input line 166.
LaTeX Font Info:    ... okay on input line 166.
LaTeX Font Info:    Checking defaults for PD1/pdf/m/n on input line 166.
LaTeX Font Info:    ... okay on input line 166.
 (/usr/local/texlive/2020/texmf-dist/tex/context/base/mkii/supp-pdf.mkii
[Loading MPS to PDF converter (version 2006.09.02).]
\scratchcounter=\count269
\scratchdimen=\dimen157
\scratchbox=\box50
\nofMPsegments=\count270
\nofMParguments=\count271
\everyMPshowfont=\toks22
\MPscratchCnt=\count272
\MPscratchDim=\dimen158
\MPnumerator=\count273
\makeMPintoPDFobject=\count274
\everyMPtoPDFconversion=\toks23
) (/usr/local/texlive/2020/texmf-dist/tex/latex/epstopdf-pkg/epstopdf-base.sty
Package: epstopdf-base 2020-01-24 v2.11 Base part for package epstopdf
Package epstopdf-base Info: Redefining graphics rule for `.eps' on input line 4
85.

(/usr/local/texlive/2020/texmf-dist/tex/latex/latexconfig/epstopdf-sys.cfg
File: epstopdf-sys.cfg 2010/07/13 v1.3 Configuration of (r)epstopdf for TeX Liv
e
))
Package caption Info: Begin \AtBeginDocument code.
Package caption Info: hyperref package is loaded.
Package caption Info: End \AtBeginDocument code.
\AtBeginShipoutBox=\box51

(/usr/local/texlive/2020/texmf-dist/tex/latex/graphics/color.sty
Package: color 2019/11/23 v1.2a Standard LaTeX Color (DPC)

(/usr/local/texlive/2020/texmf-dist/tex/latex/graphics-cfg/color.cfg
File: color.cfg 2016/01/02 v1.6 sample color configuration
)
Package color Info: Driver file: pdftex.def on input line 147.
)
Package hyperref Info: Link coloring ON on input line 166.

(/usr/local/texlive/2020/texmf-dist/tex/latex/hyperref/nameref.sty
Package: nameref 2019/09/16 v2.46 Cross-referencing by name of section

(/usr/local/texlive/2020/texmf-dist/tex/latex/refcount/refcount.sty
Package: refcount 2019/12/15 v3.6 Data extraction from label references (HO)
)
(/usr/local/texlive/2020/texmf-dist/tex/generic/gettitlestring/gettitlestring.s
ty
Package: gettitlestring 2019/12/15 v1.6 Cleanup title references (HO)
)
\c@section@level=\count275
)
LaTeX Info: Redefining \ref on input line 166.
LaTeX Info: Redefining \pageref on input line 166.
LaTeX Info: Redefining \nameref on input line 166.
 (./ThesisFinal.out) (./ThesisFinal.out)
\@outlinefile=\write4
\openout4 = `ThesisFinal.out'.


Overfull \hbox (21.5539pt too wide) in paragraph at lines 173--173
 [] 
 []

[1


{/usr/local/texlive/2020/texmf-var/fonts/map/pdftex/updmap/pdftex.map}]
[2


]
Underfull \hbox (badness 10000) in paragraph at lines 173--173

 []

[3


]
Overfull \hbox (21.5539pt too wide) in paragraph at lines 173--173
 [][] 
 []

[4


] [5] [6


] (./ThesisFinal.toc)
\tf@toc=\write5
\openout5 = `ThesisFinal.toc'.

 [7





] (./ThesisFinal.lof
Overfull \hbox (5.9682pt too wide) in paragraph at lines 6--6
 [][] [][][]\OT1/cmr/m/n/12 The Lennard-Jones po-ten-tial. A sim-ple yet re-al-
is-tic model of in-tramolec- 
 []

[8



])
\tf@lof=\write6
\openout6 = `ThesisFinal.lof'.



Package Fancyhdr Warning: \headheight is too small (9.03374pt): 
Make it at least 14.49998pt.
We now make it that large for the rest of the document.
This may cause the page layout to be inconsistent, however.

[9] (../Introduction.tex) (../Background.tex [1



]
<Figures/func1Samples.png, id=247, 622.325pt x 391.4625pt>
File: Figures/func1Samples.png Graphic file (type png)
<use Figures/func1Samples.png>
Package pdftex.def Info: Figures/func1Samples.png  used on input line 7.
(pdftex.def)             Requested size: 311.16173pt x 195.73076pt.
 [2 <./Figures/func1Samples.png>] [3] [4]
<Figures/func1True.png, id=280, 622.325pt x 391.4625pt>
File: Figures/func1True.png Graphic file (type png)
<use Figures/func1True.png>
Package pdftex.def Info: Figures/func1True.png  used on input line 118.
(pdftex.def)             Requested size: 311.16173pt x 195.73076pt.
 [5]
<Figures/2dFourier.png, id=292, 864.22874pt x 548.0475pt>
File: Figures/2dFourier.png Graphic file (type png)
<use Figures/2dFourier.png>
Package pdftex.def Info: Figures/2dFourier.png  used on input line 158.
(pdftex.def)             Requested size: 302.48459pt x 191.81949pt.
 [6 <./Figures/func1True.png>]
<Figures/poorSamps.png, id=301, 624.3325pt x 399.4925pt>
File: Figures/poorSamps.png Graphic file (type png)
<use Figures/poorSamps.png>
Package pdftex.def Info: Figures/poorSamps.png  used on input line 167.
(pdftex.def)             Requested size: 312.16548pt x 199.74576pt.
<Figures/3dFourier.png, id=306, 570.13pt x 334.24875pt>
File: Figures/3dFourier.png Graphic file (type png)
<use Figures/3dFourier.png>
Package pdftex.def Info: Figures/3dFourier.png  used on input line 177.
(pdftex.def)             Requested size: 229.81805pt x 134.73247pt.
<Figures/3dPower.png, id=307, 710.655pt x 458.71375pt>
File: Figures/3dPower.png Graphic file (type png)
<use Figures/3dPower.png>
Package pdftex.def Info: Figures/3dPower.png  used on input line 183.
(pdftex.def)             Requested size: 216.81pt x 139.94598pt.

Overfull \hbox (15.61914pt too wide) in paragraph at lines 176--187
 []$[]$|  $[]$ 
 []

) (../LJ_Models.tex [7 <./Figures/2dFourier.png>] [8 <./Figures/poorSamps.png> 
<./Figures/3dFourier.png> <./Figures/3dPower.png>]
<Figures/LJPotential.png, id=322, 627.34375pt x 407.5225pt>
File: Figures/LJPotential.png Graphic file (type png)
<use Figures/LJPotential.png>
Package pdftex.def Info: Figures/LJPotential.png  used on input line 13.
(pdftex.def)             Requested size: 313.6711pt x 203.76074pt.
 [9 <./Figures/LJPotential.png>] [10]
<Figures/tenParticles.png, id=341, 851.18pt x 525.965pt>
File: Figures/tenParticles.png Graphic file (type png)
<use Figures/tenParticles.png>
Package pdftex.def Info: Figures/tenParticles.png  used on input line 73.
(pdftex.def)             Requested size: 340.46596pt x 210.38226pt.
 [11] [12 <./Figures/tenParticles.png>]
<Figures/newLJPotential.png, id=356, 622.325pt x 411.5375pt>
File: Figures/newLJPotential.png Graphic file (type png)
<use Figures/newLJPotential.png>
Package pdftex.def Info: Figures/newLJPotential.png  used on input line 93.
(pdftex.def)             Requested size: 311.16173pt x 205.76825pt.
 [13 <./Figures/newLJPotential.png>]
<Figures/diatomicAccuracy.png, id=367, 857.2025pt x 551.05875pt>
File: Figures/diatomicAccuracy.png Graphic file (type png)
<use Figures/diatomicAccuracy.png>
Package pdftex.def Info: Figures/diatomicAccuracy.png  used on input line 104.
(pdftex.def)             Requested size: 342.87492pt x 220.41959pt.
) (../Procedures.tex [14 <./Figures/diatomicAccuracy.png>]
<Figures/UnitCellEnergies.png, id=374, 834.11626pt x 530.98375pt>
File: Figures/UnitCellEnergies.png Graphic file (type png)
<use Figures/UnitCellEnergies.png>
Package pdftex.def Info: Figures/UnitCellEnergies.png  used on input line 8.
(pdftex.def)             Requested size: 333.6406pt x 212.38972pt.
<Figures/primitiveCell1.png, id=377, 533.995pt x 438.63875pt>
File: Figures/primitiveCell1.png Graphic file (type png)
<use Figures/primitiveCell1.png>
Package pdftex.def Info: Figures/primitiveCell1.png  used on input line 18.
(pdftex.def)             Requested size: 229.81805pt x 188.7783pt.
<Figures/primitiveCell2.png, id=378, 477.785pt x 457.71pt>
File: Figures/primitiveCell2.png Graphic file (type png)
<use Figures/primitiveCell2.png>
Package pdftex.def Info: Figures/primitiveCell2.png  used on input line 24.
(pdftex.def)             Requested size: 212.47617pt x 203.54411pt.

Overfull \hbox (11.28531pt too wide) in paragraph at lines 17--28
 []$[]$|  $[]$ 
 []

[15] [16 <./Figures/UnitCellEnergies.png> <./Figures/primitiveCell1.png> <./Fig
ures/primitiveCell2.png>]
<Figures/system2.png, id=393, 817.0525pt x 339.2675pt>
File: Figures/system2.png Graphic file (type png)
<use Figures/system2.png>
Package pdftex.def Info: Figures/system2.png  used on input line 35.
(pdftex.def)             Requested size: 326.81522pt x 135.70459pt.
 [17 <./Figures/system2.png>]
<Figures/iteratedUnitCell.png, id=400, 382.42876pt x 314.17375pt>
File: Figures/iteratedUnitCell.png Graphic file (type png)
<use Figures/iteratedUnitCell.png>
Package pdftex.def Info: Figures/iteratedUnitCell.png  used on input line 48.
(pdftex.def)             Requested size: 229.81805pt x 188.80292pt.
<Figures/iteratedUnitCell2.png, id=401, 354.32375pt x 313.17pt>
File: Figures/iteratedUnitCell2.png Graphic file (type png)
<use Figures/iteratedUnitCell2.png>
Package pdftex.def Info: Figures/iteratedUnitCell2.png  used on input line 55.
(pdftex.def)             Requested size: 216.81pt x 191.63074pt.

Overfull \hbox (15.61914pt too wide) in paragraph at lines 47--59
 []$[]$|  $[]$ 
 []

<Figures/plotAgAtomSphere(3,1).png, id=404, 423.5825pt x 305.14pt>
File: Figures/plotAgAtomSphere(3,1).png Graphic file (type png)
<use Figures/plotAgAtomSphere(3,1).png>
Package pdftex.def Info: Figures/plotAgAtomSphere(3,1).png  used on input line 
66.
(pdftex.def)             Requested size: 275.32536pt x 198.33864pt.
[18 <./Figures/iteratedUnitCell.png> <./Figures/iteratedUnitCell2.png>]
[19 <./Figures/plotAgAtomSphere(3,1).png>]) (../Results.tex [20]
<Figures/outputExample.png, id=424, 594.22pt x 130.4875pt>
File: Figures/outputExample.png Graphic file (type png)
<use Figures/outputExample.png>
Package pdftex.def Info: Figures/outputExample.png  used on input line 6.
(pdftex.def)             Requested size: 297.10927pt x 65.24358pt.
<Figures/accuracyPlot.png, id=427, 790.955pt x 504.88625pt>
File: Figures/accuracyPlot.png Graphic file (type png)
<use Figures/accuracyPlot.png>
Package pdftex.def Info: Figures/accuracyPlot.png  used on input line 15.
(pdftex.def)             Requested size: 316.3764pt x 201.95091pt.
 [21 <./Figures/outputExample.png> <./Figures/accuracyPlot.png>]
<Figures/aveErrors2.png, id=439, 597.23125pt x 385.44pt>
File: Figures/aveErrors2.png Graphic file (type png)
<use Figures/aveErrors2.png>
Package pdftex.def Info: Figures/aveErrors2.png  used on input line 26.
(pdftex.def)             Requested size: 216.81pt x 139.92279pt.
<Figures/aveErrors4.png, id=440, 599.23875pt x 387.4475pt>
File: Figures/aveErrors4.png Graphic file (type png)
<use Figures/aveErrors4.png>
Package pdftex.def Info: Figures/aveErrors4.png  used on input line 32.
(pdftex.def)             Requested size: 216.81pt x 140.1786pt.

Overfull \hbox (2.61108pt too wide) in paragraph at lines 25--37
 []$[]$|  $[]$ 
 []

<Figures/aveErrors6.png, id=441, 599.23875pt x 385.44pt>
File: Figures/aveErrors6.png Graphic file (type png)
<use Figures/aveErrors6.png>
Package pdftex.def Info: Figures/aveErrors6.png  used on input line 39.
(pdftex.def)             Requested size: 216.81pt x 139.45229pt.
<Figures/aveErrors8.png, id=442, 597.23125pt x 386.44376pt>
File: Figures/aveErrors8.png Graphic file (type png)
<use Figures/aveErrors8.png>
Package pdftex.def Info: Figures/aveErrors8.png  used on input line 45.
(pdftex.def)             Requested size: 216.81pt x 140.28717pt.

Overfull \hbox (2.61108pt too wide) in paragraph at lines 38--50
 []$[]$|  $[]$ 
 []

<Figures/aveErrors10.png, id=443, 598.235pt x 384.43625pt>
File: Figures/aveErrors10.png Graphic file (type png)
<use Figures/aveErrors10.png>
Package pdftex.def Info: Figures/aveErrors10.png  used on input line 52.
(pdftex.def)             Requested size: 216.81pt x 139.32376pt.
<Figures/numErrors2.png, id=446, 598.235pt x 387.4475pt>
File: Figures/numErrors2.png Graphic file (type png)
<use Figures/numErrors2.png>
Package pdftex.def Info: Figures/numErrors2.png  used on input line 64.
(pdftex.def)             Requested size: 216.81pt x 140.41507pt.
<Figures/numErrors4.png, id=447, 600.2425pt x 387.4475pt>
File: Figures/numErrors4.png Graphic file (type png)
<use Figures/numErrors4.png>
Package pdftex.def Info: Figures/numErrors4.png  used on input line 70.
(pdftex.def)             Requested size: 216.81pt x 139.94803pt.

Overfull \hbox (2.61108pt too wide) in paragraph at lines 63--75
 []$[]$|  $[]$ 
 []

<Figures/numErrors6.png, id=448, 599.23875pt x 384.43625pt>
File: Figures/numErrors6.png Graphic file (type png)
<use Figures/numErrors6.png>
Package pdftex.def Info: Figures/numErrors6.png  used on input line 77.
(pdftex.def)             Requested size: 216.81pt x 139.08913pt.
<Figures/numErrors8.png, id=449, 600.2425pt x 385.44pt>
File: Figures/numErrors8.png Graphic file (type png)
<use Figures/numErrors8.png>
Package pdftex.def Info: Figures/numErrors8.png  used on input line 83.
(pdftex.def)             Requested size: 216.81pt x 139.22292pt.

Overfull \hbox (2.61108pt too wide) in paragraph at lines 76--88
 []$[]$|  $[]$ 
 []

<Figures/numErrors10.png, id=450, 600.2425pt x 385.44pt>
File: Figures/numErrors10.png Graphic file (type png)
<use Figures/numErrors10.png>
Package pdftex.def Info: Figures/numErrors10.png  used on input line 90.
(pdftex.def)             Requested size: 216.81pt x 139.22292pt.
) (../Conclusion.tex [22] [23 <./Figures/aveErrors2.png> <./Figures/aveErrors4.
png> <./Figures/aveErrors6.png> <./Figures/aveErrors8.png> <./Figures/aveErrors
10.png>] [24 <./Figures/numErrors2.png> <./Figures/numErrors4.png> <./Figures/n
umErrors6.png> <./Figures/numErrors8.png> <./Figures/numErrors10.png>])
(./ThesisFinal.bbl [25] [26

])
No file ThesisFinal.ind.
Package atveryend Info: Empty hook `BeforeClearDocument' on input line 217.
[27]
Package atveryend Info: Empty hook `AfterLastShipout' on input line 217.
 (./ThesisFinal.aux)
Package atveryend Info: Executing hook `AtVeryEndDocument' on input line 217.
Package atveryend Info: Executing hook `AtEndAfterFileList' on input line 217.
Package rerunfilecheck Info: File `ThesisFinal.out' has not changed.
(rerunfilecheck)             Checksum: BB86BD023589A39ABA4CF21ABE8FF63B;1520.


LaTeX Warning: There were multiply-defined labels.

Package atveryend Info: Empty hook `AtVeryVeryEnd' on input line 217.
 ) 
Here is how much of TeX's memory you used:
 7832 strings out of 480608
 123301 string characters out of 5903631
 400347 words of memory out of 5000000
 23426 multiletter control sequences out of 15000+600000
 539829 words of font info for 49 fonts, out of 8000000 for 9000
 1141 hyphenation exceptions out of 8191
 41i,12n,45p,954b,508s stack positions out of 5000i,500n,10000p,200000b,80000s
{/usr/local/texlive/2020/texmf-dist/fonts/enc/dvips/cm-super/cm-super-ts1.enc
}</usr/local/texlive/2020/texmf-dist/fonts/type1/public/amsfonts/cm/cmbx12.pfb>
</usr/local/texlive/2020/texmf-dist/fonts/type1/public/amsfonts/cm/cmex10.pfb><
/usr/local/texlive/2020/texmf-dist/fonts/type1/public/amsfonts/cm/cmmi12.pfb></
usr/local/texlive/2020/texmf-dist/fonts/type1/public/amsfonts/cm/cmmi6.pfb></us
r/local/texlive/2020/texmf-dist/fonts/type1/public/amsfonts/cm/cmmi8.pfb></usr/
local/texlive/2020/texmf-dist/fonts/type1/public/amsfonts/cm/cmr12.pfb></usr/lo
cal/texlive/2020/texmf-dist/fonts/type1/public/amsfonts/cm/cmr8.pfb></usr/local
/texlive/2020/texmf-dist/fonts/type1/public/amsfonts/cm/cmsl12.pfb></usr/local/
texlive/2020/texmf-dist/fonts/type1/public/amsfonts/cm/cmsy10.pfb></usr/local/t
exlive/2020/texmf-dist/fonts/type1/public/amsfonts/cm/cmsy8.pfb></usr/local/tex
live/2020/texmf-dist/fonts/type1/public/amsfonts/cm/cmti12.pfb></usr/local/texl
ive/2020/texmf-dist/fonts/type1/public/cm-super/sfrm1200.pfb>
Output written on ThesisFinal.pdf (36 pages, 2485046 bytes).
PDF statistics:
 591 PDF objects out of 1000 (max. 8388607)
 475 compressed objects within 5 object streams
 119 named destinations out of 1000 (max. 500000)
 330 words of extra memory for PDF output out of 10000 (max. 10000000)

