This is pdfTeX, Version 3.14159265-2.6-1.40.21 (TeX Live 2020) (preloaded format=pdflatex 2020.4.7)  28 NOV 2021 17:37
entering extended mode
 restricted \write18 enabled.
 file:line:error style messages enabled.
 %&-line parsing enabled.
**Senior_thesis.tex
(./Senior_thesis.tex
LaTeX2e <2020-02-02> patch level 5
L3 programming layer <2020-03-06>
(/usr/local/texlive/2020/texmf-dist/tex/latex/revtex/revtex4-1.cls
Document Class: revtex4-1 2010/07/25/20:33:00 4.1r (http://publish.aps.org/revt
ex4/ for documentation)
 Copyright (c) 2009 The American Physical Society.
 mailto:revtex@aps.org
 Licensed under the LPPL:
http://www.ctan.org/tex-archive/macros/latex/base/lppl.txt
 Arthur Ogawa <arthur_ogawa at sbcglobal dot net>
 Based on work by David Carlisle <david at dcarlisle.demon.co.uk>.
ltxutil[2010/07/25/20:33:00 4.1r utilities package (portions licensed from W. E
. Baxter web at superscript.com)]
LaTeX Info: Redefining \@centercr on input line 308.
Class revtex4-1 Info: Repairing broken LaTeX eqnarray on input line 358.
\eqncolsep=\skip47
Class revtex4-1 Info: Repairing hyperref-unfriendly LaTeX definition of \mpfoot
note on input line 433.
Class revtex4-1 Info: Repairing broken LateX \@sect on input line 755.
\intertabularlinepenalty=\count167
\@tbpen=\count168
\@arstrutbox@hline=\box45
Class revtex4-1 Info: Repairing broken LaTeX \@xbitor on input line 1786.
Class revtex4-1 Info: Making \typeout \long on input line 2046.
ltxfront[2010/07/25/20:33:00 4.1r frontmatter package (AO,DPC)]
\c@affil=\count169
\c@collab=\count170
\absbox=\box46
ltxgrid[2010/07/25/20:33:00 4.1r page grid package (portions licensed from W. E
. Baxter web at superscript.com)]
\c@linecount=\count171
\output@latex=\toks15
\box@size@1=\box47
\box@size@2=\box48
\@protection@box=\box49
\@topmark@saved=\toks16
\footins@saved=\box50
\footins@recovered=\box51
\column@recovered=\box52
\pagesofar=\box53
\footsofar=\box54
\pagegrid@col=\count172

Class revtex4-1 Warning: Failed to recognize \@vspace, \@vspacer, \@no@pgbk, \@
newline, and \\; no patches applied. Please get a more up-to-date class, .

\c@part=\count173
\c@section=\count174
\c@subsection=\count175
\c@subsubsection=\count176
\c@paragraph=\count177
\c@subparagraph=\count178
\abovecaptionskip=\skip48
\belowcaptionskip=\skip49
\c@figure=\count179
\fbox@1=\box55
\c@table=\count180
\fbox@2=\box56
\c@video=\count181
\fbox@4=\box57
\@bibdataout=\write3
\widetext@top=\box58
\widetext@bot=\box59
Class revtex4-1 Info: Selecting society aps on input line 7542.
(/usr/local/texlive/2020/texmf-dist/tex/latex/revtex/aps4-1.rtx
File: aps4-1 2010/07/25/20:33:00 4.1r (http://publish.aps.org/revtex4/ for docu
mentation)
Class revtex4-1 Info: RevTeX society APS selected on input line 31.
)

Class revtex4-1 Warning: No journal specified, using default pra.

Class revtex4-1 Info: APS journal PRA selected on input line 7545.

Class revtex4-1 Warning: No type size specified, using default 10.

(/usr/local/texlive/2020/texmf-dist/tex/latex/revtex/aps10pt4-1.rtx
File: aps10pt4-1 2010/07/25/20:33:00 4.1r (http://publish.aps.org/revtex4/ for 
documentation)
Class revtex4-1 Info: RevTeX pointsize 10pt selected on input line 30.
)
(/usr/local/texlive/2020/texmf-dist/tex/latex/textcase/textcase.sty
Package: textcase 2019/09/14 v1.00 Text only upper/lower case changing (DPC)
)
(/usr/local/texlive/2020/texmf-dist/tex/latex/amsfonts/amsfonts.sty
Package: amsfonts 2013/01/14 v3.01 Basic AMSFonts support
\@emptytoks=\toks17
\symAMSa=\mathgroup4
\symAMSb=\mathgroup5
LaTeX Font Info:    Redeclaring math symbol \hbar on input line 98.
LaTeX Font Info:    Overwriting math alphabet `\mathfrak' in version `bold'
(Font)                  U/euf/m/n --> U/euf/b/n on input line 106.
)
(/usr/local/texlive/2020/texmf-dist/tex/latex/url/url.sty
\Urlmuskip=\muskip16
Package: url 2013/09/16  ver 3.4  Verb mode for urls, etc.
)
(/usr/local/texlive/2020/texmf-dist/tex/latex/natbib/natbib.sty
Package: natbib 2010/09/13 8.31b (PWD, AO)
\bibhang=\skip50
\bibsep=\skip51
LaTeX Info: Redefining \cite on input line 694.
\c@NAT@ctr=\count182
)
Class revtex4-1 Info: Repairing natbib's \BibitemShut on input line 7549.

(/usr/local/texlive/2020/texmf-dist/tex/latex/revtex/revsymb4-1.sty
Package: revsymb4-1 2010/07/25/20:33:00 4.1r (http://publish.aps.org/revtex4/ f
or documentation)
LaTeX Info: Redefining \frak on input line 95.
LaTeX Info: Redefining \Bbb on input line 111.
LaTeX Info: Redefining \REV@mathfrak on input line 119.
))
(/usr/local/texlive/2020/texmf-dist/tex/latex/base/inputenc.sty
Package: inputenc 2018/08/11 v1.3c Input encoding file
\inpenc@prehook=\toks18
\inpenc@posthook=\toks19
)
(/usr/local/texlive/2020/texmf-dist/tex/latex/siunitx/siunitx.sty
(/usr/local/texlive/2020/texmf-dist/tex/latex/l3kernel/expl3.sty
Package: expl3 2020-03-06 L3 programming layer (loader) 

(/usr/local/texlive/2020/texmf-dist/tex/latex/l3backend/l3backend-pdfmode.def
File: l3backend-pdfmode.def 2020-03-12 L3 backend support: PDF mode
\l__kernel_color_stack_int=\count183
\l__pdf_internal_box=\box60
)) (/usr/local/texlive/2020/texmf-dist/tex/latex/l3packages/xparse/xparse.sty
Package: xparse 2020-03-06 L3 Experimental document command parser
\l__xparse_current_arg_int=\count184
\g__xparse_grabber_int=\count185
\l__xparse_m_args_int=\count186
\l__xparse_v_nesting_int=\count187
)
Package: siunitx 2020/02/25 v2.8b A comprehensive (SI) units package

(/usr/local/texlive/2020/texmf-dist/tex/latex/amsmath/amstext.sty
Package: amstext 2000/06/29 v2.01 AMS text

(/usr/local/texlive/2020/texmf-dist/tex/latex/amsmath/amsgen.sty
File: amsgen.sty 1999/11/30 v2.0 generic functions
\@emptytoks=\toks20
\ex@=\dimen134
)
LaTeX Info: Redefining \text on input line 28.
)
(/usr/local/texlive/2020/texmf-dist/tex/latex/tools/array.sty
Package: array 2019/08/31 v2.4l Tabular extension package (FMi)
\col@sep=\dimen135
\ar@mcellbox=\box61
\extrarowheight=\dimen136
\NC@list=\toks21
\extratabsurround=\skip52
\backup@length=\skip53
\ar@cellbox=\box62
)
(/usr/local/texlive/2020/texmf-dist/tex/latex/l3packages/l3keys2e/l3keys2e.sty
Package: l3keys2e 2020-03-06 LaTeX2e option processing using LaTeX3 keys
)
\l__siunitx_tmp_box=\box63
\l__siunitx_tmp_dim=\dimen137
\l__siunitx_tmp_int=\count188
\l__siunitx_number_mantissa_length_int=\count189
\l__siunitx_number_uncert_length_int=\count190
\l__siunitx_round_int=\count191
\l__siunitx_process_decimal_int=\count192
\l__siunitx_process_uncertainty_int=\count193
\l__siunitx_process_fixed_int=\count194
\l__siunitx_process_integer_min_int=\count195
\l__siunitx_process_precision_int=\count196
\l__siunitx_group_min_int=\count197
\l__siunitx_angle_marker_box=\box64
\l__siunitx_angle_unit_box=\box65
\l__siunitx_angle_marker_dim=\dimen138
\l__siunitx_angle_unit_dim=\dimen139
\l__siunitx_unit_int=\count198
\l__siunitx_unit_denominator_int=\count199
\l__siunitx_unit_numerator_int=\count266
\l__siunitx_unit_prefix_int=\count267
\l__siunitx_unit_prefix_base_int=\count268
\l__siunitx_unit_prefix_gram_int=\count269
\l__siunitx_number_product_int=\count270
\c__siunitx_one_fill_skip=\skip54
\l__siunitx_table_unit_align_skip=\skip55
\l__siunitx_table_exponent_dim=\dimen140
\l__siunitx_table_integer_dim=\dimen141
\l__siunitx_table_mantissa_dim=\dimen142
\l__siunitx_table_marker_dim=\dimen143
\l__siunitx_table_result_dim=\dimen144
\l__siunitx_table_uncert_dim=\dimen145
\l__siunitx_table_fill_pre_dim=\dimen146
\l__siunitx_table_fill_post_dim=\dimen147
\l__siunitx_table_fill_mid_dim=\dimen148
\l__siunitx_table_pre_box=\box66
\l__siunitx_table_post_box=\box67
\l__siunitx_table_mantissa_box=\box68
\l__siunitx_table_result_box=\box69
\l__siunitx_table_number_align_skip=\skip56
\l__siunitx_table_text_align_skip=\skip57
(/usr/local/texlive/2020/texmf-dist/tex/latex/translator/translator.sty
Package: translator 2019-05-31 v1.12a Easy translation of strings in LaTeX

(/usr/local/texlive/2020/texmf-dist/tex/latex/graphics/keyval.sty
Package: keyval 2014/10/28 v1.15 key=value parser (DPC)
\KV@toks@=\toks22
)))
(/usr/local/texlive/2020/texmf-dist/tex/latex/graphics/graphicx.sty
Package: graphicx 2019/11/30 v1.2a Enhanced LaTeX Graphics (DPC,SPQR)

(/usr/local/texlive/2020/texmf-dist/tex/latex/graphics/graphics.sty
Package: graphics 2019/11/30 v1.4a Standard LaTeX Graphics (DPC,SPQR)

(/usr/local/texlive/2020/texmf-dist/tex/latex/graphics/trig.sty
Package: trig 2016/01/03 v1.10 sin cos tan (DPC)
)
(/usr/local/texlive/2020/texmf-dist/tex/latex/graphics-cfg/graphics.cfg
File: graphics.cfg 2016/06/04 v1.11 sample graphics configuration
)
Package graphics Info: Driver file: pdftex.def on input line 105.

(/usr/local/texlive/2020/texmf-dist/tex/latex/graphics-def/pdftex.def
File: pdftex.def 2018/01/08 v1.0l Graphics/color driver for pdftex
))
\Gin@req@height=\dimen149
\Gin@req@width=\dimen150
)
(/usr/local/texlive/2020/texmf-dist/tex/latex/listings/listings.sty
\lst@mode=\count271
\lst@gtempboxa=\box70
\lst@token=\toks23
\lst@length=\count272
\lst@currlwidth=\dimen151
\lst@column=\count273
\lst@pos=\count274
\lst@lostspace=\dimen152
\lst@width=\dimen153
\lst@newlines=\count275
\lst@lineno=\count276
\lst@maxwidth=\dimen154

(/usr/local/texlive/2020/texmf-dist/tex/latex/listings/lstmisc.sty
File: lstmisc.sty 2020/03/24 1.8d (Carsten Heinz)
\c@lstnumber=\count277
\lst@skipnumbers=\count278
\lst@framebox=\box71
)
(/usr/local/texlive/2020/texmf-dist/tex/latex/listings/listings.cfg
File: listings.cfg 2020/03/24 1.8d listings configuration
))
Package: listings 2020/03/24 1.8d (Carsten Heinz)

(/usr/local/texlive/2020/texmf-dist/tex/latex/amsmath/amsmath.sty
Package: amsmath 2020/01/20 v2.17e AMS math features
\@mathmargin=\skip58

For additional information on amsmath, use the `?' option.
(/usr/local/texlive/2020/texmf-dist/tex/latex/amsmath/amsbsy.sty
Package: amsbsy 1999/11/29 v1.2d Bold Symbols
\pmbraise@=\dimen155
)
(/usr/local/texlive/2020/texmf-dist/tex/latex/amsmath/amsopn.sty
Package: amsopn 2016/03/08 v2.02 operator names
)
\inf@bad=\count279
LaTeX Info: Redefining \frac on input line 227.
\uproot@=\count280
\leftroot@=\count281
LaTeX Info: Redefining \overline on input line 389.
\classnum@=\count282
\DOTSCASE@=\count283
LaTeX Info: Redefining \ldots on input line 486.
LaTeX Info: Redefining \dots on input line 489.
LaTeX Info: Redefining \cdots on input line 610.
\Mathstrutbox@=\box72
\strutbox@=\box73
\big@size=\dimen156
LaTeX Font Info:    Redeclaring font encoding OML on input line 733.
LaTeX Font Info:    Redeclaring font encoding OMS on input line 734.
\macc@depth=\count284
\c@MaxMatrixCols=\count285
\dotsspace@=\muskip17
\c@parentequation=\count286
\dspbrk@lvl=\count287
\tag@help=\toks24
\row@=\count288
\column@=\count289
\maxfields@=\count290
\andhelp@=\toks25
\eqnshift@=\dimen157
\alignsep@=\dimen158
\tagshift@=\dimen159
\tagwidth@=\dimen160
\totwidth@=\dimen161
\lineht@=\dimen162
\@envbody=\toks26
\multlinegap=\skip59
\multlinetaggap=\skip60
\mathdisplay@stack=\toks27
LaTeX Info: Redefining \[ on input line 2859.
LaTeX Info: Redefining \] on input line 2860.
)
(/usr/local/texlive/2020/texmf-dist/tex/latex/caption/subcaption.sty
Package: subcaption 2020/01/22 v1.3d Sub-captions (AR)

(/usr/local/texlive/2020/texmf-dist/tex/latex/caption/caption.sty
Package: caption 2020/01/03 v3.4h Customizing captions (AR)

(/usr/local/texlive/2020/texmf-dist/tex/latex/caption/caption3.sty
Package: caption3 2020/01/03 v1.8h caption3 kernel (AR)
Package caption3 Info: TeX engine: e-TeX on input line 61.
\captionmargin=\dimen163
\captionmargin@=\dimen164
\captionwidth=\dimen165
\caption@tempdima=\dimen166
\caption@indent=\dimen167
\caption@parindent=\dimen168
\caption@hangindent=\dimen169
Package caption Info: Unknown document class (or package),
(caption)             standard defaults will be used.
Package caption Info: \@makecaption = \long macro:#1#2->\par \vskip \abovecapti
onskip \begingroup \small \rmfamily \sbox \@tempboxa {\let \\\heading@cr \@make
@capt@title {#1}{#2}}\@ifdim {\wd \@tempboxa >\hsize }{\begingroup \samepage \f
lushing \let \footnote \@footnotemark@gobble \@make@capt@title {#1}{#2}\par \en
dgroup }{\global \@minipagefalse \hb@xt@ \hsize {\hfil \unhbox \@tempboxa \hfil
 }}\endgroup \vskip \belowcaptionskip  on input line 1082.
)

Package caption Warning: Unknown document class (or package),
(caption)                standard defaults will be used.
See the caption package documentation for explanation.

\c@caption@flags=\count291
\c@continuedfloat=\count292
Package caption Info: listings package is loaded.
)
\c@subfigure=\count293
\c@subtable=\count294
) (/usr/local/texlive/2020/texmf-dist/tex/latex/lipsum/lipsum.sty
Package: lipsum 2019/01/02 v2.2 150 paragraphs of Lorem Ipsum dummy text

(/usr/local/texlive/2020/texmf-dist/tex/latex/lipsum/lipsum.ltd.tex
File: lipsum.ltd.tex 2019/01/02 v2.2 The Lorem ipsum dummy text
))
(/usr/local/texlive/2020/texmf-dist/tex/generic/babel/babel.sty
Package: babel 2020/03/22 3.42 The Babel package

(/usr/local/texlive/2020/texmf-dist/tex/generic/babel/switch.def
File: switch.def 2020/03/22 3.42 Babel switching mechanism
)
Package babel Info: You haven't specified a language. I'll use 'nil'
(babel)             as the main language. Reported on input line 573.

(/usr/local/texlive/2020/texmf-dist/tex/generic/babel/nil.ldf
Language: nil 2020/03/22 3.42 Nil language

(/usr/local/texlive/2020/texmf-dist/tex/generic/babel/babel.def
File: babel.def 2020/03/22 3.42 Babel common definitions
\babel@savecnt=\count295
\U@D=\dimen170

(/usr/local/texlive/2020/texmf-dist/tex/generic/babel/txtbabel.def)
\bbl@readstream=\read2
\bbl@dirlevel=\count296
)
\l@nil=\language86
))
Class revtex4-1 Info: Unrecognized array package. Please update this document c
lass! (Proceeding with fingers crossed.) on input line 13.
Class revtex4-1 Info: cite was not loaded (OK!) on input line 13.
Class revtex4-1 Info: mcite was not loaded (OK!) on input line 13.
Class revtex4-1 Info: multicol was not loaded (OK!) on input line 13.

(./Senior_thesis.aux

LaTeX Warning: Label `LJ' multiply defined.


LaTeX Warning: Label `LJ' multiply defined.

)
\openout1 = `Senior_thesis.aux'.

LaTeX Font Info:    Checking defaults for OML/cmm/m/it on input line 13.
LaTeX Font Info:    ... okay on input line 13.
LaTeX Font Info:    Checking defaults for OMS/cmsy/m/n on input line 13.
LaTeX Font Info:    ... okay on input line 13.
LaTeX Font Info:    Checking defaults for OT1/cmr/m/n on input line 13.
LaTeX Font Info:    ... okay on input line 13.
LaTeX Font Info:    Checking defaults for T1/cmr/m/n on input line 13.
LaTeX Font Info:    ... okay on input line 13.
LaTeX Font Info:    Checking defaults for TS1/cmr/m/n on input line 13.
LaTeX Font Info:    ... okay on input line 13.
LaTeX Font Info:    Checking defaults for OMX/cmex/m/n on input line 13.
LaTeX Font Info:    ... okay on input line 13.
LaTeX Font Info:    Checking defaults for U/cmr/m/n on input line 13.
LaTeX Font Info:    ... okay on input line 13.

(/usr/local/texlive/2020/texmf-dist/tex/latex/translator/translator-basic-dicti
onary-English.dict
Dictionary: translator-basic-dictionary, Language: English 
)
(/usr/local/texlive/2020/texmf-dist/tex/latex/siunitx/siunitx-abbreviations.cfg
File: siunitx-abbreviations.cfg 2017/11/26 v2.7k siunitx: Abbreviated units
) (/usr/local/texlive/2020/texmf-dist/tex/context/base/mkii/supp-pdf.mkii
[Loading MPS to PDF converter (version 2006.09.02).]
\scratchcounter=\count297
\scratchdimen=\dimen171
\scratchbox=\box74
\nofMPsegments=\count298
\nofMParguments=\count299
\everyMPshowfont=\toks28
\MPscratchCnt=\count300
\MPscratchDim=\dimen172
\MPnumerator=\count301
\makeMPintoPDFobject=\count302
\everyMPtoPDFconversion=\toks29
) (/usr/local/texlive/2020/texmf-dist/tex/latex/epstopdf-pkg/epstopdf-base.sty
Package: epstopdf-base 2020-01-24 v2.11 Base part for package epstopdf
Package epstopdf-base Info: Redefining graphics rule for `.eps' on input line 4
85.

(/usr/local/texlive/2020/texmf-dist/tex/latex/latexconfig/epstopdf-sys.cfg
File: epstopdf-sys.cfg 2010/07/13 v1.3 Configuration of (r)epstopdf for TeX Liv
e
))
\c@lstlisting=\count303
Package caption Info: Begin \AtBeginDocument code.
Package caption Info: End \AtBeginDocument code.
\openout3 = `Senior_thesisNotes.bib'.

LaTeX Font Info:    Trying to load font information for U+msa on input line 13.


(/usr/local/texlive/2020/texmf-dist/tex/latex/amsfonts/umsa.fd
File: umsa.fd 2013/01/14 v3.01 AMS symbols A
)
LaTeX Font Info:    Trying to load font information for U+msb on input line 13.


(/usr/local/texlive/2020/texmf-dist/tex/latex/amsfonts/umsb.fd
File: umsb.fd 2013/01/14 v3.01 AMS symbols B
)
(./Introduction.tex
Underfull \hbox (badness 1460) in paragraph at lines 2--3
\OT1/cmr/m/n/10 is the main driver for technological and industrial
 []


Underfull \hbox (badness 1173) in paragraph at lines 2--3
\OT1/cmr/m/n/10 in a laboratory, a more efficient approach involves
 []


Underfull \hbox (badness 3780) in paragraph at lines 2--3
\OT1/cmr/m/n/10 the metallurgist. The density functional theory
 []


Underfull \hbox (badness 10000) in paragraph at lines 3--4
[]\OT1/cmr/m/n/10 Although accurate, DFT calculations are
 []

) (./Background.tex
<Figures/func1Samples.png, id=1, 622.325pt x 391.4625pt>
File: Figures/func1Samples.png Graphic file (type png)
<use Figures/func1Samples.png>
Package pdftex.def Info: Figures/func1Samples.png  used on input line 6.
(pdftex.def)             Requested size: 248.92558pt x 156.58221pt.

Overfull \hbox (2.92558pt too wide) in paragraph at lines 6--7
 [][] 
 []


LaTeX Warning: `h' float specifier changed to `ht'.

[1{/usr/local/texlive/2020/texmf-var/fonts/map/pdftex/updmap/pdftex.map} <./Fig
ures/func1Samples.png>]
Underfull \hbox (badness 1199) in paragraph at lines 103--104
\OT1/cmr/m/n/10 solution vector can be found by solving a slightly
 []

<Figures/func1True.png, id=20, 622.325pt x 391.4625pt>
File: Figures/func1True.png Graphic file (type png)
<use Figures/func1True.png>
Package pdftex.def Info: Figures/func1True.png  used on input line 116.
(pdftex.def)             Requested size: 248.92558pt x 156.58221pt.

Overfull \hbox (2.92558pt too wide) in paragraph at lines 116--117
 [][] 
 []

[2 <./Figures/func1True.png>]
<Figures/2dFourier.png, id=27, 864.22874pt x 548.0475pt>
File: Figures/2dFourier.png Graphic file (type png)
<use Figures/2dFourier.png>
Package pdftex.def Info: Figures/2dFourier.png  used on input line 155.
(pdftex.def)             Requested size: 233.34488pt x 147.9748pt.
<Figures/poorSamps.png, id=28, 624.3325pt x 399.4925pt>
File: Figures/poorSamps.png Graphic file (type png)
<use Figures/poorSamps.png>
Package pdftex.def Info: Figures/poorSamps.png  used on input line 163.
(pdftex.def)             Requested size: 249.72858pt x 159.79416pt.

Overfull \hbox (3.72858pt too wide) in paragraph at lines 163--164
 [][] 
 []


LaTeX Warning: `h' float specifier changed to `ht'.

<Figures/3dFourier.png, id=29, 570.13pt x 334.24875pt>
File: Figures/3dFourier.png Graphic file (type png)
<use Figures/3dFourier.png>
Package pdftex.def Info: Figures/3dFourier.png  used on input line 178.
(pdftex.def)             Requested size: 178.50311pt x 104.64627pt.
<Figures/3dPower.png, id=30, 710.655pt x 458.71375pt>
File: Figures/3dPower.png Graphic file (type png)
<use Figures/3dPower.png>
Package pdftex.def Info: Figures/3dPower.png  used on input line 184.
(pdftex.def)             Requested size: 178.50311pt x 115.2171pt.
)
Underfull \hbox (badness 1210) in paragraph at lines 193--32
[]\OT1/cmr/m/n/10 The figures provided throughout this paper were
 []


Underfull \hbox (badness 5417) in paragraph at lines 193--32
\OT1/cmr/m/n/10 produced using the Julia programming language.
 []

(./LJ_Models.tex
Underfull \hbox (badness 1460) in paragraph at lines 8--10
\OT1/cmr/m/n/10 where $\OML/cmm/m/it/10 "$ \OT1/cmr/m/n/10 and $\OML/cmm/m/it/1
0 ^^[$ \OT1/cmr/m/n/10 are constants for a given particle
 []

<Figures/LJPotential.png, id=31, 627.34375pt x 407.5225pt>
File: Figures/LJPotential.png Graphic file (type png)
<use Figures/LJPotential.png>
Package pdftex.def Info: Figures/LJPotential.png  used on input line 12.
(pdftex.def)             Requested size: 250.93304pt x 163.0061pt.

Overfull \hbox (4.93304pt too wide) in paragraph at lines 12--13
 [][] 
 []


LaTeX Warning: `h' float specifier changed to `ht'.

[3 <./Figures/2dFourier.png> <./Figures/poorSamps.png>]

LaTeX Warning: A float is stuck (cannot be placed); try class option [floatfix]
 on input line 24.


Underfull \hbox (badness 1189) in paragraph at lines 54--55
[]\OT1/cmr/m/n/10 Recognizing each row of $\OML/cmm/m/it/10 A$ \OT1/cmr/m/n/10 
as a unique sample,
 []


Underfull \hbox (badness 1048) in paragraph at lines 54--55
\OT1/cmr/m/n/10 Equation 15[] can be written as a system of linear
 []

<Figures/tenParticles.png, id=37, 851.18pt x 525.965pt>
File: Figures/tenParticles.png Graphic file (type png)
<use Figures/tenParticles.png>
Package pdftex.def Info: Figures/tenParticles.png  used on input line 71.
(pdftex.def)             Requested size: 255.35596pt x 157.79071pt.

Overfull \hbox (9.35596pt too wide) in paragraph at lines 71--72
 [][] 
 []


LaTeX Warning: `h' float specifier changed to `ht'.


Underfull \hbox (badness 1590) in paragraph at lines 76--77
\OT1/cmr/m/n/10 between size of the training set, number of basis
 []


Underfull \hbox (badness 1009) in paragraph at lines 76--77
\OT1/cmr/m/n/10 increases as the number of training sets and basis
 []

[4 <./Figures/3dFourier.png> <./Figures/3dPower.png> <./Figures/LJPotential.png
>]

LaTeX Warning: A float is stuck (cannot be placed); try class option [floatfix]
 on input line 80.


Underfull \hbox (badness 2165) in paragraph at lines 81--82
[]\OT1/cmr/m/n/10 Now that a simple monotomic model has been
 []

<Figures/newLJPotential.png, id=46, 622.325pt x 411.5375pt>
File: Figures/newLJPotential.png Graphic file (type png)
<use Figures/newLJPotential.png>
Package pdftex.def Info: Figures/newLJPotential.png  used on input line 90.
(pdftex.def)             Requested size: 248.92558pt x 164.61208pt.

Overfull \hbox (2.92558pt too wide) in paragraph at lines 90--91
 [][] 
 []


LaTeX Warning: `h' float specifier changed to `ht'.


Underfull \hbox (badness 1496) in paragraph at lines 96--97
\OT1/cmr/m/n/10 answer depends greatly upon the desired range of
 []

<Figures/diatomicAccuracy.png, id=47, 857.2025pt x 551.05875pt>
File: Figures/diatomicAccuracy.png Graphic file (type png)
<use Figures/diatomicAccuracy.png>
Package pdftex.def Info: Figures/diatomicAccuracy.png  used on input line 100.
(pdftex.def)             Requested size: 257.16273pt x 165.3189pt.

Overfull \hbox (11.16273pt too wide) in paragraph at lines 100--101
 [][] 
 []

) (./Procedures.tex
Underfull \hbox (badness 3758) in paragraph at lines 3--4
\OT1/cmr/m/n/10 wave (PAW) potentials were used and exchange-
 []


Underfull \hbox (badness 10000) in paragraph at lines 3--4
\OT1/cmr/m/n/10 correlation functionals parametrized by Perdew,
 []


Underfull \hbox (badness 1990) in paragraph at lines 3--4
\OT1/cmr/m/n/10 used to perform the numeric integration over the
 []

[5 <./Figures/tenParticles.png> <./Figures/newLJPotential.png> <./Figures/diato
micAccuracy.png>]
Underfull \hbox (badness 1005) in paragraph at lines 4--5
[]\OT1/cmr/m/n/10 As previously discussed, the process of obtaining
 []


Underfull \hbox (badness 1796) in paragraph at lines 4--5
\OT1/cmr/m/n/10 model that can be trained on the given data to
 []

<Figures/UnitCellEnergies.png, id=55, 834.11626pt x 530.98375pt>
File: Figures/UnitCellEnergies.png Graphic file (type png)
<use Figures/UnitCellEnergies.png>
Package pdftex.def Info: Figures/UnitCellEnergies.png  used on input line 7.
(pdftex.def)             Requested size: 250.2368pt x 159.29634pt.

Overfull \hbox (4.2368pt too wide) in paragraph at lines 7--8
 [][] 
 []

<Figures/primitiveCell1.png, id=56, 533.995pt x 438.63875pt>
File: Figures/primitiveCell1.png Graphic file (type png)
<use Figures/primitiveCell1.png>
Package pdftex.def Info: Figures/primitiveCell1.png  used on input line 16.
(pdftex.def)             Requested size: 127.5pt x 104.72661pt.
<Figures/primitiveCell2.png, id=57, 477.785pt x 457.71pt>
File: Figures/primitiveCell2.png Graphic file (type png)
<use Figures/primitiveCell2.png>
Package pdftex.def Info: Figures/primitiveCell2.png  used on input line 22.
(pdftex.def)             Requested size: 117.29782pt x 112.36691pt.

Overfull \hbox (0.85336pt too wide) in paragraph at lines 15--26
 []$[]$|  $[]$ 
 []

<Figures/system2.png, id=58, 817.0525pt x 339.2675pt>
File: Figures/system2.png Graphic file (type png)
<use Figures/system2.png>
Package pdftex.def Info: Figures/system2.png  used on input line 32.
(pdftex.def)             Requested size: 245.11765pt x 101.78102pt.

Underfull \hbox (badness 1418) in paragraph at lines 38--39
\OT1/cmr/m/n/10 potential energy of a single particle is due to its
 []

[6 <./Figures/UnitCellEnergies.png> <./Figures/primitiveCell1.png> <./Figures/p
rimitiveCell2.png> <./Figures/system2.png>]
<Figures/iteratedUnitCell.png, id=66, 382.42876pt x 314.17375pt>
File: Figures/iteratedUnitCell.png Graphic file (type png)
<use Figures/iteratedUnitCell.png>
Package pdftex.def Info: Figures/iteratedUnitCell.png  used on input line 44.
(pdftex.def)             Requested size: 239.70062pt x 196.91899pt.
<Figures/iteratedUnitCell2.png, id=67, 354.32375pt x 313.17pt>
File: Figures/iteratedUnitCell2.png Graphic file (type png)
<use Figures/iteratedUnitCell2.png>
Package pdftex.def Info: Figures/iteratedUnitCell2.png  used on input line 51.
(pdftex.def)             Requested size: 229.49844pt x 202.84607pt.
<Figures/plotAgAtomSphere(3,1).png, id=68, 423.5825pt x 305.14pt>
File: Figures/plotAgAtomSphere(3,1).png Graphic file (type png)
<use Figures/plotAgAtomSphere(3,1).png>
Package pdftex.def Info: Figures/plotAgAtomSphere(3,1).png  used on input line 
61.
(pdftex.def)             Requested size: 254.15146pt x 183.0854pt.

Overfull \hbox (8.15146pt too wide) in paragraph at lines 61--62
 [][] 
 []


LaTeX Warning: `h' float specifier changed to `ht'.

)
Underfull \hbox (badness 1616) in paragraph at lines 70--37
\OT1/cmr/m/n/10 and the radius of influence extended, the model's
 []

(./Results.tex [7 <./Figures/iteratedUnitCell.png> <./Figures/iteratedUnitCell2
.png>]

LaTeX Warning: A float is stuck (cannot be placed); try class option [floatfix]
 on input line 3.

<Figures/outputExample.png, id=75, 594.22pt x 130.4875pt>
File: Figures/outputExample.png Graphic file (type png)
<use Figures/outputExample.png>
Package pdftex.def Info: Figures/outputExample.png  used on input line 5.
(pdftex.def)             Requested size: 237.68379pt x 52.19406pt.
<Figures/accuracyPlot.png, id=76, 790.955pt x 504.88625pt>
File: Figures/accuracyPlot.png Graphic file (type png)
<use Figures/accuracyPlot.png>
Package pdftex.def Info: Figures/accuracyPlot.png  used on input line 13.
(pdftex.def)             Requested size: 245.19351pt x 156.5131pt.

LaTeX Warning: `h' float specifier changed to `ht'.

<Figures/aveErrors2.png, id=77, 597.23125pt x 385.44pt>
File: Figures/aveErrors2.png Graphic file (type png)
<use Figures/aveErrors2.png>
Package pdftex.def Info: Figures/aveErrors2.png  used on input line 23.
(pdftex.def)             Requested size: 255.0pt x 164.57146pt.
<Figures/aveErrors4.png, id=78, 599.23875pt x 387.4475pt>
File: Figures/aveErrors4.png Graphic file (type png)
<use Figures/aveErrors4.png>
Package pdftex.def Info: Figures/aveErrors4.png  used on input line 29.
(pdftex.def)             Requested size: 255.0pt x 164.87288pt.

Overfull \hbox (2.05554pt too wide) in paragraph at lines 22--34
 []$[]$|  $[]$ 
 []

<Figures/aveErrors6.png, id=79, 599.23875pt x 385.44pt>
File: Figures/aveErrors6.png Graphic file (type png)
<use Figures/aveErrors6.png>
Package pdftex.def Info: Figures/aveErrors6.png  used on input line 36.
(pdftex.def)             Requested size: 255.0pt x 164.01862pt.
<Figures/aveErrors8.png, id=80, 597.23125pt x 386.44376pt>
File: Figures/aveErrors8.png Graphic file (type png)
<use Figures/aveErrors8.png>
Package pdftex.def Info: Figures/aveErrors8.png  used on input line 42.
(pdftex.def)             Requested size: 255.0pt x 165.00003pt.

Overfull \hbox (2.05554pt too wide) in paragraph at lines 35--47
 []$[]$|  $[]$ 
 []

<Figures/aveErrors10.png, id=81, 598.235pt x 384.43625pt>
File: Figures/aveErrors10.png Graphic file (type png)
<use Figures/aveErrors10.png>
Package pdftex.def Info: Figures/aveErrors10.png  used on input line 49.
(pdftex.def)             Requested size: 255.0pt x 163.86719pt.
<Figures/numErrors2.png, id=82, 598.235pt x 387.4475pt>
File: Figures/numErrors2.png Graphic file (type png)
<use Figures/numErrors2.png>
Package pdftex.def Info: Figures/numErrors2.png  used on input line 60.
(pdftex.def)             Requested size: 255.0pt x 165.15074pt.
<Figures/numErrors4.png, id=83, 600.2425pt x 387.4475pt>
File: Figures/numErrors4.png Graphic file (type png)
<use Figures/numErrors4.png>
Package pdftex.def Info: Figures/numErrors4.png  used on input line 66.
(pdftex.def)             Requested size: 255.0pt x 164.59502pt.

Overfull \hbox (2.05554pt too wide) in paragraph at lines 59--71
 []$[]$|  $[]$ 
 []

<Figures/numErrors6.png, id=84, 599.23875pt x 384.43625pt>
File: Figures/numErrors6.png Graphic file (type png)
<use Figures/numErrors6.png>
Package pdftex.def Info: Figures/numErrors6.png  used on input line 73.
(pdftex.def)             Requested size: 255.0pt x 163.59148pt.
<Figures/numErrors8.png, id=85, 600.2425pt x 385.44pt>
File: Figures/numErrors8.png Graphic file (type png)
<use Figures/numErrors8.png>
Package pdftex.def Info: Figures/numErrors8.png  used on input line 79.
(pdftex.def)             Requested size: 255.0pt x 163.74219pt.

Overfull \hbox (2.05554pt too wide) in paragraph at lines 72--84
 []$[]$|  $[]$ 
 []

<Figures/numErrors10.png, id=86, 600.2425pt x 385.44pt>
File: Figures/numErrors10.png Graphic file (type png)
<use Figures/numErrors10.png>
Package pdftex.def Info: Figures/numErrors10.png  used on input line 86.
(pdftex.def)             Requested size: 255.0pt x 163.74219pt.
)
Underfull \hbox (badness 1406) in paragraph at lines 97--39
[]\OT1/cmr/m/n/10 The most successful model was trained on 1000
 []

(./Conclusion.tex
Underfull \hbox (badness 1472) in paragraph at lines 2--3
\OT1/cmr/m/n/10 Each provided great insight into which parameters
 []

[8 <./Figures/plotAgAtomSphere(3,1).png> <./Figures/outputExample.png> <./Figur
es/accuracyPlot.png>] [9 <./Figures/aveErrors2.png> <./Figures/aveErrors4.png> 
<./Figures/aveErrors6.png> <./Figures/aveErrors8.png> <./Figures/aveErrors10.pn
g>]) (./Senior_thesis.bbl [10 <./Figures/numErrors2.png> <./Figures/numErrors4.
png> <./Figures/numErrors6.png> <./Figures/numErrors8.png> <./Figures/numErrors
10.png>]
Underfull \hbox (badness 5345) in paragraph at lines 62--68
 []\OT1/cmr/m/n/9 H. T. Stokes, \OT1/cmr/m/it/9 Solid State Physics for Advance
d
 []

) [11] (./Senior_thesis.aux)

LaTeX Warning: There were multiply-defined labels.

 ) 
Here is how much of TeX's memory you used:
 10296 strings out of 480608
 192549 string characters out of 5903631
 599417 words of memory out of 5000000
 26038 multiletter control sequences out of 15000+600000
 542332 words of font info for 63 fonts, out of 8000000 for 9000
 1141 hyphenation exceptions out of 8191
 48i,12n,46p,949b,557s stack positions out of 5000i,500n,10000p,200000b,80000s
</usr/local/texlive/2020/texmf-dist/fonts/type1/public/amsfonts/cm/cmbx10.pfb
></usr/local/texlive/2020/texmf-dist/fonts/type1/public/amsfonts/cm/cmbx12.pfb>
</usr/local/texlive/2020/texmf-dist/fonts/type1/public/amsfonts/cm/cmbx9.pfb></
usr/local/texlive/2020/texmf-dist/fonts/type1/public/amsfonts/cm/cmex10.pfb></u
sr/local/texlive/2020/texmf-dist/fonts/type1/public/amsfonts/cm/cmmi10.pfb></us
r/local/texlive/2020/texmf-dist/fonts/type1/public/amsfonts/cm/cmmi5.pfb></usr/
local/texlive/2020/texmf-dist/fonts/type1/public/amsfonts/cm/cmmi7.pfb></usr/lo
cal/texlive/2020/texmf-dist/fonts/type1/public/amsfonts/cm/cmmi9.pfb></usr/loca
l/texlive/2020/texmf-dist/fonts/type1/public/amsfonts/cm/cmr10.pfb></usr/local/
texlive/2020/texmf-dist/fonts/type1/public/amsfonts/cm/cmr7.pfb></usr/local/tex
live/2020/texmf-dist/fonts/type1/public/amsfonts/cm/cmr9.pfb></usr/local/texliv
e/2020/texmf-dist/fonts/type1/public/amsfonts/cm/cmsy10.pfb></usr/local/texlive
/2020/texmf-dist/fonts/type1/public/amsfonts/cm/cmsy7.pfb></usr/local/texlive/2
020/texmf-dist/fonts/type1/public/amsfonts/cm/cmsy9.pfb></usr/local/texlive/202
0/texmf-dist/fonts/type1/public/amsfonts/cm/cmti10.pfb></usr/local/texlive/2020
/texmf-dist/fonts/type1/public/amsfonts/cm/cmti9.pfb>
Output written on Senior_thesis.pdf (11 pages, 2508850 bytes).
PDF statistics:
 163 PDF objects out of 1000 (max. 8388607)
 75 compressed objects within 1 object stream
 0 named destinations out of 1000 (max. 500000)
 146 words of extra memory for PDF output out of 10000 (max. 10000000)

